<?xml version="1.0" encoding="UTF-8"?>
<!-- Generated by org.testng.reporters.JUnitReportReporter -->
<testsuite hostname="RAGOHEL-ETAYZ" failures="0" tests="1" name="com.crm.qa.testcases.ContactsPageTest" time="26.961" errors="0" timestamp="15 Sep 2019 22:25:12 GMT" skipped="0">
  <testcase classname="com.crm.qa.testcases.ContactsPageTest" name="verifyContactsPageLabelTest" time="26.961"/>
</testsuite> <!-- com.crm.qa.testcases.ContactsPageTest -->
