<?xml version="1.0" encoding="UTF-8"?>
<!-- Generated by org.testng.reporters.JUnitReportReporter -->
<testsuite hostname="RAGOHEL-ETAYZ" failures="0" tests="3" name="com.crm.qa.testcases.LoginTestPage" time="49.117" errors="0" timestamp="15 Sep 2019 22:25:12 GMT" skipped="0">
  <testcase classname="com.crm.qa.testcases.LoginTestPage" name="loginPageTitleTest" time="12.386"/>
  <testcase classname="com.crm.qa.testcases.LoginTestPage" name="crmLogoImageTest" time="11.312"/>
  <testcase classname="com.crm.qa.testcases.LoginTestPage" name="loginTest" time="25.419"/>
</testsuite> <!-- com.crm.qa.testcases.LoginTestPage -->
