<?xml version="1.0" encoding="UTF-8"?>
<!-- Generated by org.testng.reporters.JUnitReportReporter -->
<testsuite hostname="RAGOHEL-ETAYZ" failures="0" tests="2" name="com.crm.qa.testcases.HomePageTest" time="46.824" errors="0" timestamp="15 Sep 2019 22:25:12 GMT" skipped="0">
  <testcase classname="com.crm.qa.testcases.HomePageTest" name="verifyHomePageTitleTest" time="23.404"/>
  <testcase classname="com.crm.qa.testcases.HomePageTest" name="verifyCorrectUsernameTest" time="23.420"/>
</testsuite> <!-- com.crm.qa.testcases.HomePageTest -->
